Initializing matrix... 9.105s
Initializing gene annotation... 0.008s
Computing QC metrics... 0.045s
Computing QC thresholds... 0.01s
Filtering cells... 0s
Log-normalizing the counts... 0.001s
Mean-variance modelling... 0.306s
Principal components analysis... 6.96s
Building the neighbor index... 6.921s
Finding neighbors for clustering... 3.029s
Finding neighbors for t-SNE... 13.187s
Finding neighbors for UMAP... 3.916s
SNN graph construction... 0.576s
Multi-level clustering... 66.821s
Marker detection... 10.132s
terminate called after throwing an instance of 'std::bad_alloc'
  what():  std::bad_alloc
Command terminated by signal 6
	Command being timed: "./build/scran -t 8 --skip-output ../data/zilionis-lung/matrix.mtx.gz ../data/zilionis-lung/features.tsv.gz"
	User time (seconds): 508.20
	System time (seconds): 17.72
	Percent of CPU this job got: 327%
	Elapsed (wall clock) time (h:mm:ss or m:ss): 2:40.79
	Average shared text size (kbytes): 0
	Average unshared data size (kbytes): 0
	Average stack size (kbytes): 0
	Average total size (kbytes): 0
	Maximum resident set size (kbytes): 29069620
	Average resident set size (kbytes): 0
	Major (requiring I/O) page faults: 1
	Minor (reclaiming a frame) page faults: 14577171
	Voluntary context switches: 280
	Involuntary context switches: 1886
	Swaps: 0
	File system inputs: 184
	File system outputs: 40
	Socket messages sent: 0
	Socket messages received: 0
	Signals delivered: 0
	Page size (bytes): 4096
	Exit status: 0
