Initializing matrix... 24.107s
Initializing gene annotation... 0.011s
Computing QC metrics... 0.093s
Computing QC thresholds... 0.006s
Filtering cells... 0s
Log-normalizing the counts... 0.001s
Mean-variance modelling... 0.692s
Principal components analysis... 16.835s
Building the neighbor index... 5.411s
Finding neighbors for clustering... 2.199s
Finding neighbors for t-SNE... 10.025s
Finding neighbors for UMAP... 2.867s
SNN graph construction... 0.384s
Multi-level clustering... 47.735s
Marker detection... 7.992s
UMAP calculation... 105.716s
t-SNE calculation... 168.187s
	Command being timed: "./build/scran -t 8 --skip-output ../data/bacher-tcell/matrix.mtx.gz ../data/bacher-tcell/features.tsv.gz"
	User time (seconds): 535.48
	System time (seconds): 2.15
	Percent of CPU this job got: 233%
	Elapsed (wall clock) time (h:mm:ss or m:ss): 3:50.52
	Average shared text size (kbytes): 0
	Average unshared data size (kbytes): 0
	Average stack size (kbytes): 0
	Average total size (kbytes): 0
	Maximum resident set size (kbytes): 2512968
	Average resident set size (kbytes): 0
	Major (requiring I/O) page faults: 0
	Minor (reclaiming a frame) page faults: 1440880
	Voluntary context switches: 324
	Involuntary context switches: 1397
	Swaps: 0
	File system inputs: 909896
	File system outputs: 56
	Socket messages sent: 0
	Socket messages received: 0
	Signals delivered: 0
	Page size (bytes): 4096
	Exit status: 0
