Initializing matrix... 23.929s
Initializing gene annotation... 0.008s
Computing QC metrics... 0.091s
Computing QC thresholds... 0.005s
Filtering cells... 0s
Log-normalizing the counts... 0.001s
Mean-variance modelling... 0.743s
Principal components analysis... 16.283s
Building the neighbor index... 5.148s
Finding neighbors for clustering... 2.243s
Finding neighbors for t-SNE... 10.25s
Finding neighbors for UMAP... 2.928s
SNN graph construction... 0.357s
Multi-level clustering... 46.861s
Marker detection... 7.493s
UMAP calculation... 104.155s
t-SNE calculation... 167.88s
	Command being timed: "./build/scran -t 8 --skip-output ../data/bacher-tcell/matrix.mtx.gz ../data/bacher-tcell/features.tsv.gz"
	User time (seconds): 532.68
	System time (seconds): 1.98
	Percent of CPU this job got: 232%
	Elapsed (wall clock) time (h:mm:ss or m:ss): 3:49.59
	Average shared text size (kbytes): 0
	Average unshared data size (kbytes): 0
	Average stack size (kbytes): 0
	Average total size (kbytes): 0
	Maximum resident set size (kbytes): 2513632
	Average resident set size (kbytes): 0
	Major (requiring I/O) page faults: 0
	Minor (reclaiming a frame) page faults: 1440944
	Voluntary context switches: 323
	Involuntary context switches: 1792
	Swaps: 0
	File system inputs: 0
	File system outputs: 56
	Socket messages sent: 0
	Socket messages received: 0
	Signals delivered: 0
	Page size (bytes): 4096
	Exit status: 0
