Initializing matrix... 26.443s
Initializing gene annotation... 0.009s
Computing QC metrics... 0.093s
Computing QC thresholds... 0.005s
Filtering cells... 0s
Log-normalizing the counts... 0.001s
Mean-variance modelling... 0.709s
Principal components analysis... 16.076s
Building the neighbor index... 5.097s
Finding neighbors for clustering... 2.218s
Finding neighbors for t-SNE... 10.221s
Finding neighbors for UMAP... 2.883s
SNN graph construction... 0.356s
Multi-level clustering... 46.869s
Marker detection... 7.865s
UMAP calculation... 104.588s
t-SNE calculation... 167.203s
	Command being timed: "./build/scran -t 8 --skip-output ../data/bacher-tcell/matrix.mtx.gz ../data/bacher-tcell/features.tsv.gz"
	User time (seconds): 534.86
	System time (seconds): 2.07
	Percent of CPU this job got: 232%
	Elapsed (wall clock) time (h:mm:ss or m:ss): 3:51.03
	Average shared text size (kbytes): 0
	Average unshared data size (kbytes): 0
	Average stack size (kbytes): 0
	Average total size (kbytes): 0
	Maximum resident set size (kbytes): 2512708
	Average resident set size (kbytes): 0
	Major (requiring I/O) page faults: 0
	Minor (reclaiming a frame) page faults: 1440751
	Voluntary context switches: 293
	Involuntary context switches: 1694
	Swaps: 0
	File system inputs: 0
	File system outputs: 56
	Socket messages sent: 0
	Socket messages received: 0
	Signals delivered: 0
	Page size (bytes): 4096
	Exit status: 0
