Initializing matrix... 27.191s
Initializing gene annotation... 0.013s
Computing QC metrics... 0.106s
Computing QC thresholds... 0.003s
Filtering cells... 0s
Log-normalizing the counts... 0s
Mean-variance modelling... 0.837s
Principal components analysis... 10.258s
Building the neighbor index... 3.073s
Finding neighbors for clustering... 1.262s
Finding neighbors for t-SNE... 4.869s
Finding neighbors for UMAP... 1.623s
SNN graph construction... 0.19s
Multi-level clustering... 8.858s
Marker detection... 10.968s
t-SNE calculation... 56.411s
UMAP calculation... 62.839s
	Command being timed: "./build/scran -t 8 --skip-output ../data/ernst-sperm/matrix.mtx.gz ../data/ernst-sperm/features.tsv.gz"
	User time (seconds): 290.51
	System time (seconds): 1.61
	Percent of CPU this job got: 260%
	Elapsed (wall clock) time (h:mm:ss or m:ss): 1:52.17
	Average shared text size (kbytes): 0
	Average unshared data size (kbytes): 0
	Average stack size (kbytes): 0
	Average total size (kbytes): 0
	Maximum resident set size (kbytes): 2572256
	Average resident set size (kbytes): 0
	Major (requiring I/O) page faults: 0
	Minor (reclaiming a frame) page faults: 1047492
	Voluntary context switches: 318
	Involuntary context switches: 1817
	Swaps: 0
	File system inputs: 0
	File system outputs: 40
	Socket messages sent: 0
	Socket messages received: 0
	Signals delivered: 0
	Page size (bytes): 4096
	Exit status: 0
